Optimizing OcTc tournament prediction formula

generation: 50
 best: 58 average: 54 worst: 15
 best match: [0.6527868619432649, 1.5393237487220568, -1.177534502468814, 11.466136492194385, -0.4566256324830006]
 accuracy: 0.816901408451

generation: 100
 best: 58 average: 54 worst: 15
 best match: [0.6527868619432649, 1.5393237487220568, -1.1588631838771195, 12.466136492194385, -0.4566256324830006]
 accuracy: 0.816901408451

generation: 150
 best: 58 average: 54 worst: 15
 best match: [0.6527868619432649, 2.0004554839517867, -3.408708871794916, 12.466136492194387, -0.4566256324830006]
 accuracy: 0.816901408451

generation: 200
 best: 58 average: 54 worst: 15
 best match: [0.6527868619432649, 1.5393237487220568, -3.1588631838771195, 13.466136492194387, -0.4566256324830006]
 accuracy: 0.816901408451

generation: 250
 best: 58 average: 54 worst: 15
 best match: [0.6527868619432649, 1.5393237487220568, -0.4087088717949161, 12.466136492194385, -0.4566256324830006]
 accuracy: 0.816901408451

generation: 300
 best: 58 average: 54 worst: 15
 best match: [0.6527868619432649, 1.5393237487220568, -0.2684972469931508, 11.466136492194387, -0.4566256324830006]
 accuracy: 0.816901408451

generation: 350
 best: 58 average: 54 worst: 15
 best match: [0.6527868619432649, 1.5393237487220568, -0.2684972469931508, 11.466136492194387, -0.4566256324830006]
 accuracy: 0.816901408451

generation: 400
 best: 58 average: 54 worst: 15
 best match: [0.6527868619432649, 1.5393237487220568, -0.3519152719919214, 11.466136492194385, -0.4566256324830006]
 accuracy: 0.816901408451

generation: 450
 best: 58 average: 54 worst: 15
 best match: [0.6527868619432649, 2.539323748722057, -4.408708871794916, 11.466136492194387, -0.4566256324830006]
 accuracy: 0.816901408451

generation: 500
 best: 58 average: 55 worst: 15
 best match: [0.6527868619432649, 1.5393237487220568, -0.3519152719919214, 12.466136492194387, -0.4566256324830006]
 accuracy: 0.816901408451

generation: 550
 best: 58 average: 54 worst: 15
 best match: [0.6527868619432649, 2.0004554839517867, -2.408708871794916, 11.466136492194387, -0.4566256324830006]
 accuracy: 0.816901408451

generation: 600
 best: 58 average: 55 worst: 15
 best match: [0.6527868619432649, 2.0566928828623725, -3.408708871794916, 12.466136492194387, -0.4566256324830006]
 accuracy: 0.816901408451

generation: 650
 best: 58 average: 54 worst: 15
 best match: [0.6527868619432649, 2.0004554839517867, -2.408708871794916, 12.466136492194387, -0.4566256324830006]
 accuracy: 0.816901408451

generation: 700
 best: 58 average: 54 worst: 15
 best match: [0.6527868619432649, 1.5393237487220568, -0.3519152719919214, 12.466136492194387, -0.4566256324830005]
 accuracy: 0.816901408451

generation: 750
 best: 58 average: 54 worst: 15
 best match: [0.6527868619432649, 1.5393237487220568, -0.3519152719919214, 11.466136492194387, -0.4566256324830005]
 accuracy: 0.816901408451

generation: 800
 best: 58 average: 54 worst: 15
 best match: [0.6527868619432649, 1.5393237487220568, -0.3519152719919214, 12.466136492194387, -0.4566256324830005]
 accuracy: 0.816901408451

generation: 850
 best: 58 average: 54 worst: 15
 best match: [0.6527868619432649, 1.5393237487220568, -1.3519152719919214, 11.466136492194387, -0.4566256324830005]
 accuracy: 0.816901408451

generation: 900
 best: 58 average: 54 worst: 15
 best match: [0.6527868619432649, 1.5393237487220568, -0.3519152719919214, 12.466136492194387, -0.4566256324830005]
 accuracy: 0.816901408451

generation: 950
 best: 58 average: 55 worst: 15
 best match: [0.6527868619432649, 1.5393237487220568, -0.3519152719919214, 12.466136492194387, -0.4566256324830005]
 accuracy: 0.816901408451

generation: 1000
 best: 58 average: 54 worst: 15
 best match: [0.6527868619432649, 1.5393237487220568, -1.3519152719919214, 13.466136492194387, -0.4566256324830006]
 accuracy: 0.816901408451

